demo/build/outputs/logs/manifest-merger-debug-report.txt
-- Merging decision tree log ---
manifest
ADDED from nim_demo\demo\AndroidManifest.xml:2:1-522:12
	package
		ADDED from nim_demo\demo\AndroidManifest.xml:3:5-35
	android:versionName
		ADDED from nim_demo\demo\AndroidManifest.xml:6:5-32
		INJECTED from nim_demo\demo\AndroidManifest.xml
		INJECTED from nim_demo\demo\AndroidManifest.xml
	android:versionCode
		ADDED from nim_demo\demo\AndroidManifest.xml:5:5-29
		INJECTED from nim_demo\demo\AndroidManifest.xml
		INJECTED from nim_demo\demo\AndroidManifest.xml
	xmlns:android
		ADDED from nim_demo\demo\AndroidManifest.xml:2:11-69
	android:installLocation
		ADDED from nim_demo\demo\AndroidManifest.xml:4:5-35
uses-permission#android.permission.INTERNET
ADDED from nim_demo\demo\AndroidManifest.xml:10:5-67
MERGED from [nim_demo:jrmfneteaselib:unspecified] AndroidManifest.xml:11:5-67
	android:name
		ADDED from nim_demo\demo\AndroidManifest.xml:10:22-64
uses-permission#android.permission.ACCESS_NETWORK_STATE
ADDED from nim_demo\demo\AndroidManifest.xml:11:5-79
MERGED from [nim_demo:jrmfneteaselib:unspecified] AndroidManifest.xml:12:5-79
	android:name
		ADDED from nim_demo\demo\AndroidManifest.xml:11:22-76
uses-permission#android.permission.ACCESS_WIFI_STATE
ADDED from nim_demo\demo\AndroidManifest.xml:12:5-76
MERGED from [nim_demo:jrmfneteaselib:unspecified] AndroidManifest.xml:13:5-76
	android:name
		ADDED from nim_demo\demo\AndroidManifest.xml:12:22-73
uses-permission#android.permission.CHANGE_WIFI_STATE
ADDED from nim_demo\demo\AndroidManifest.xml:13:5-76
	android:name
		ADDED from nim_demo\demo\AndroidManifest.xml:13:22-73
uses-permission#android.permission.READ_EXTERNAL_STORAGE
ADDED from nim_demo\demo\AndroidManifest.xml:16:5-80
MERGED from [nim_demo:jrmfneteaselib:unspecified] AndroidManifest.xml:16:5-80
	android:name
		ADDED from nim_demo\demo\AndroidManifest.xml:16:22-77
uses-permission#android.permission.WRITE_EXTERNAL_STORAGE
ADDED from nim_demo\demo\AndroidManifest.xml:17:5-81
MERGED from [nim_demo:jrmfneteaselib:unspecified] AndroidManifest.xml:15:5-81
	android:name
		ADDED from nim_demo\demo\AndroidManifest.xml:17:22-78
uses-permission#android.permission.ACCESS_FINE_LOCATION
ADDED from nim_demo\demo\AndroidManifest.xml:20:5-79
	android:name
		ADDED from nim_demo\demo\AndroidManifest.xml:20:22-76
uses-permission#android.permission.ACCESS_COARSE_LOCATION
ADDED from nim_demo\demo\AndroidManifest.xml:21:5-81
	android:name
		ADDED from nim_demo\demo\AndroidManifest.xml:21:22-78
uses-permission#android.permission.ACCESS_LOCATION_EXTRA_COMMANDS
ADDED from nim_demo\demo\AndroidManifest.xml:22:5-88
	android:name
		ADDED from nim_demo\demo\AndroidManifest.xml:22:22-86
uses-permission#android.permission.READ_PHONE_STATE
ADDED from nim_demo\demo\AndroidManifest.xml:25:5-75
	android:name
		ADDED from nim_demo\demo\AndroidManifest.xml:25:22-72
uses-permission#android.permission.CAMERA
ADDED from nim_demo\demo\AndroidManifest.xml:26:5-65
	android:name
		ADDED from nim_demo\demo\AndroidManifest.xml:26:22-62
uses-permission#android.permission.RECORD_AUDIO
ADDED from nim_demo\demo\AndroidManifest.xml:27:5-71
	android:name
		ADDED from nim_demo\demo\AndroidManifest.xml:27:22-68
uses-permission#android.permission.BLUETOOTH
ADDED from nim_demo\demo\AndroidManifest.xml:28:5-68
	android:name
		ADDED from nim_demo\demo\AndroidManifest.xml:28:22-65
uses-permission#android.permission.BLUETOOTH_ADMIN
ADDED from nim_demo\demo\AndroidManifest.xml:29:5-74
	android:name
		ADDED from nim_demo\demo\AndroidManifest.xml:29:22-71
uses-permission#android.permission.GET_TASKS
ADDED from nim_demo\demo\AndroidManifest.xml:32:5-68
	android:name
		ADDED from nim_demo\demo\AndroidManifest.xml:32:22-65
uses-permission#android.permission.FLASHLIGHT
ADDED from nim_demo\demo\AndroidManifest.xml:33:5-69
	android:name
		ADDED from nim_demo\demo\AndroidManifest.xml:33:22-66
uses-permission#android.permission.VIBRATE
ADDED from nim_demo\demo\AndroidManifest.xml:34:5-66
	android:name
		ADDED from nim_demo\demo\AndroidManifest.xml:34:22-63
uses-permission#android.permission.CHANGE_CONFIGURATION
ADDED from nim_demo\demo\AndroidManifest.xml:35:5-79
	android:name
		ADDED from nim_demo\demo\AndroidManifest.xml:35:22-76
uses-permission#android.permission.MODIFY_AUDIO_SETTINGS
ADDED from nim_demo\demo\AndroidManifest.xml:36:5-80
	android:name
		ADDED from nim_demo\demo\AndroidManifest.xml:36:22-77
uses-permission#android.permission.WRITE_SETTINGS
ADDED from nim_demo\demo\AndroidManifest.xml:37:5-73
	android:name
		ADDED from nim_demo\demo\AndroidManifest.xml:37:22-70
uses-permission#android.permission.DISABLE_KEYGUARD
ADDED from nim_demo\demo\AndroidManifest.xml:39:5-75
	android:name
		ADDED from nim_demo\demo\AndroidManifest.xml:39:22-72
uses-permission#android.permission.WAKE_LOCK
ADDED from nim_demo\demo\AndroidManifest.xml:40:5-68
	android:name
		ADDED from nim_demo\demo\AndroidManifest.xml:40:22-65
permission#com.netease.nim.demo.permission.RECEIVE_MSG
ADDED from nim_demo\demo\AndroidManifest.xml:44:5-46:47
	android:protectionLevel
		ADDED from nim_demo\demo\AndroidManifest.xml:46:9-44
	android:name
		ADDED from nim_demo\demo\AndroidManifest.xml:45:9-67
uses-permission#com.netease.nim.demo.permission.RECEIVE_MSG
ADDED from nim_demo\demo\AndroidManifest.xml:49:5-83
	android:name
		ADDED from nim_demo\demo\AndroidManifest.xml:49:22-80
permission#com.netease.nim.demo.permission.MIPUSH_RECEIVE
ADDED from nim_demo\demo\AndroidManifest.xml:52:5-54:47
	android:protectionLevel
		ADDED from nim_demo\demo\AndroidManifest.xml:54:9-44
	android:name
		ADDED from nim_demo\demo\AndroidManifest.xml:53:9-70
uses-permission#com.netease.nim.demo.permission.MIPUSH_RECEIVE
ADDED from nim_demo\demo\AndroidManifest.xml:55:5-86
	android:name
		ADDED from nim_demo\demo\AndroidManifest.xml:55:22-83
application
ADDED from nim_demo\demo\AndroidManifest.xml:57:5-520:19
MERGED from [nim_demo:uikit:unspecified] AndroidManifest.xml:9:5-156:19
MERGED from [com.android.support:design:25.0.1] AndroidManifest.xml:25:5-20
MERGED from [com.android.support:transition:25.0.1] AndroidManifest.xml:22:5-20
MERGED from [com.android.support.constraint:constraint-layout:1.0.2] AndroidManifest.xml:9:5-20
MERGED from [nim_demo:faceunity:unspecified] AndroidManifest.xml:9:5-13:19
MERGED from [com.android.support:appcompat-v7:25.0.1] AndroidManifest.xml:25:5-20
MERGED from [com.android.support:animated-vector-drawable:25.0.1] AndroidManifest.xml:22:5-20
MERGED from [com.android.support:support-vector-drawable:25.0.1] AndroidManifest.xml:23:5-20
MERGED from [org.adw.library:discrete-seekbar:1.0.1] AndroidManifest.xml:27:5-28:19
MERGED from [com.netease.nimlib:jsbridge:1.3.1] AndroidManifest.xml:11:5-15:19
MERGED from [nim_demo:jrmfneteaselib:unspecified] AndroidManifest.xml:18:5-170:19
MERGED from [com.android.support:support-v4:25.0.1] AndroidManifest.xml:25:5-20
MERGED from [com.android.support:support-fragment:25.0.1] AndroidManifest.xml:25:5-20
MERGED from [com.android.support:support-media-compat:25.0.1] AndroidManifest.xml:25:5-20
MERGED from [com.android.support:support-core-ui:25.0.1] AndroidManifest.xml:25:5-20
MERGED from [com.android.support:support-core-utils:25.0.1] AndroidManifest.xml:25:5-20
MERGED from [com.android.support:support-compat:25.0.1] AndroidManifest.xml:25:5-20
	android:label
		ADDED from nim_demo\demo\AndroidManifest.xml:61:9-41
	android:supportsRtl
		ADDED from [nim_demo:faceunity:unspecified] AndroidManifest.xml:12:9-35
	android:allowBackup
		ADDED from nim_demo\demo\AndroidManifest.xml:59:9-35
	android:icon
		ADDED from nim_demo\demo\AndroidManifest.xml:60:9-41
	android:theme
		ADDED from nim_demo\demo\AndroidManifest.xml:62:9-52
	android:name
		ADDED from nim_demo\demo\AndroidManifest.xml:58:9-39
meta-data#com.amap.api.v2.apikey
ADDED from nim_demo\demo\AndroidManifest.xml:65:9-67:43
	android:value
		ADDED from nim_demo\demo\AndroidManifest.xml:67:13-40
		INJECTED from nim_demo\demo\AndroidManifest.xml
	android:name
		ADDED from nim_demo\demo\AndroidManifest.xml:66:13-50
meta-data#com.netease.nim.appKey
ADDED from nim_demo\demo\AndroidManifest.xml:69:9-71:55
	android:value
		ADDED from nim_demo\demo\AndroidManifest.xml:71:4-52
	android:name
		ADDED from nim_demo\demo\AndroidManifest.xml:70:13-50
uses-library#com.google.android.maps
ADDED from nim_demo\demo\AndroidManifest.xml:73:9-75:40
	android:required
		ADDED from nim_demo\demo\AndroidManifest.xml:75:13-37
	android:name
		ADDED from nim_demo\demo\AndroidManifest.xml:74:13-51
meta-data#JRMF_PARTNER_ID
ADDED from nim_demo\demo\AndroidManifest.xml:78:9-80:54
	android:value
		ADDED from nim_demo\demo\AndroidManifest.xml:80:4-52
	android:name
		ADDED from nim_demo\demo\AndroidManifest.xml:79:13-43
meta-data#JRMF_PARTNER_NAME
ADDED from nim_demo\demo\AndroidManifest.xml:81:9-83:35
	android:value
		ADDED from nim_demo\demo\AndroidManifest.xml:83:13-33
	android:name
		ADDED from nim_demo\demo\AndroidManifest.xml:82:13-45
activity#com.netease.nim.demo.wxapi.WXPayEntryActivity
ADDED from nim_demo\demo\AndroidManifest.xml:85:9-88:45
	android:launchMode
		ADDED from nim_demo\demo\AndroidManifest.xml:88:13-43
	android:exported
		ADDED from nim_demo\demo\AndroidManifest.xml:87:13-36
	android:name
		ADDED from nim_demo\demo\AndroidManifest.xml:86:13-53
activity#com.switfpass.pay.activity.PayResultActivity
ADDED from nim_demo\demo\AndroidManifest.xml:89:9-92:45
	android:launchMode
		ADDED from nim_demo\demo\AndroidManifest.xml:92:13-43
	android:exported
		ADDED from nim_demo\demo\AndroidManifest.xml:91:13-36
	android:name
		ADDED from nim_demo\demo\AndroidManifest.xml:90:13-72
activity#com.netease.nim.demo.main.activity.WelcomeActivity
ADDED from nim_demo\demo\AndroidManifest.xml:97:9-112:20
	android:screenOrientation
		ADDED from nim_demo\demo\AndroidManifest.xml:103:13-49
	android:label
		ADDED from nim_demo\demo\AndroidManifest.xml:101:13-45
	android:hardwareAccelerated
		ADDED from nim_demo\demo\AndroidManifest.xml:100:13-47
	android:launchMode
		ADDED from nim_demo\demo\AndroidManifest.xml:102:13-43
	android:windowSoftInputMode
		ADDED from nim_demo\demo\AndroidManifest.xml:105:13-52
	android:configChanges
		ADDED from nim_demo\demo\AndroidManifest.xml:99:13-63
	android:theme
		ADDED from nim_demo\demo\AndroidManifest.xml:104:13-65
	android:name
		ADDED from nim_demo\demo\AndroidManifest.xml:98:13-58
intent-filter#android.intent.action.MAIN+android.intent.category.LAUNCHER+android.intent.category.MULTIWINDOW_LAUNCHER
ADDED from nim_demo\demo\AndroidManifest.xml:106:13-111:29
action#android.intent.action.MAIN
ADDED from nim_demo\demo\AndroidManifest.xml:107:17-69
	android:name
		ADDED from nim_demo\demo\AndroidManifest.xml:107:25-66
category#android.intent.category.LAUNCHER
ADDED from nim_demo\demo\AndroidManifest.xml:109:17-77
	android:name
		ADDED from nim_demo\demo\AndroidManifest.xml:109:27-74
category#android.intent.category.MULTIWINDOW_LAUNCHER
ADDED from nim_demo\demo\AndroidManifest.xml:110:17-89
	android:name
		ADDED from nim_demo\demo\AndroidManifest.xml:110:27-86
activity#com.netease.nim.demo.main.activity.MainActivity
ADDED from nim_demo\demo\AndroidManifest.xml:115:9-122:54
	android:screenOrientation
		ADDED from nim_demo\demo\AndroidManifest.xml:120:13-49
	android:hardwareAccelerated
		ADDED from nim_demo\demo\AndroidManifest.xml:118:13-47
	android:launchMode
		ADDED from nim_demo\demo\AndroidManifest.xml:119:13-43
	android:windowSoftInputMode
		ADDED from nim_demo\demo\AndroidManifest.xml:122:13-52
	android:configChanges
		ADDED from nim_demo\demo\AndroidManifest.xml:117:13-63
	android:theme
		ADDED from nim_demo\demo\AndroidManifest.xml:121:13-56
	android:name
		ADDED from nim_demo\demo\AndroidManifest.xml:116:13-55
activity#com.netease.nim.demo.main.activity.MultiportActivity
ADDED from nim_demo\demo\AndroidManifest.xml:125:9-130:69
	android:screenOrientation
		ADDED from nim_demo\demo\AndroidManifest.xml:128:13-49
	android:windowSoftInputMode
		ADDED from nim_demo\demo\AndroidManifest.xml:130:13-67
	android:configChanges
		ADDED from nim_demo\demo\AndroidManifest.xml:127:13-63
	android:theme
		ADDED from nim_demo\demo\AndroidManifest.xml:129:13-56
	android:name
		ADDED from nim_demo\demo\AndroidManifest.xml:126:13-60
activity#com.netease.nim.demo.login.LoginActivity
ADDED from nim_demo\demo\AndroidManifest.xml:133:9-139:70
	android:screenOrientation
		ADDED from nim_demo\demo\AndroidManifest.xml:137:13-49
	android:label
		ADDED from nim_demo\demo\AndroidManifest.xml:136:13-42
	android:windowSoftInputMode
		ADDED from nim_demo\demo\AndroidManifest.xml:139:13-67
	android:configChanges
		ADDED from nim_demo\demo\AndroidManifest.xml:135:13-48
	android:theme
		ADDED from nim_demo\demo\AndroidManifest.xml:138:13-46
	android:name
		ADDED from nim_demo\demo\AndroidManifest.xml:134:13-48
activity#com.netease.nim.demo.main.activity.AboutActivity
ADDED from nim_demo\demo\AndroidManifest.xml:142:9-148:75
	android:screenOrientation
		ADDED from nim_demo\demo\AndroidManifest.xml:146:13-49
	android:label
		ADDED from nim_demo\demo\AndroidManifest.xml:145:13-42
	android:windowSoftInputMode
		ADDED from nim_demo\demo\AndroidManifest.xml:148:13-72
	android:configChanges
		ADDED from nim_demo\demo\AndroidManifest.xml:144:13-48
	android:theme
		ADDED from nim_demo\demo\AndroidManifest.xml:147:13-56
	android:name
		ADDED from nim_demo\demo\AndroidManifest.xml:143:13-56
activity#com.netease.nim.demo.main.activity.SettingsActivity
ADDED from nim_demo\demo\AndroidManifest.xml:150:9-155:63
	android:screenOrientation
		ADDED from nim_demo\demo\AndroidManifest.xml:153:13-49
	android:windowSoftInputMode
		ADDED from nim_demo\demo\AndroidManifest.xml:155:13-60
	android:configChanges
		ADDED from nim_demo\demo\AndroidManifest.xml:152:13-48
	android:theme
		ADDED from nim_demo\demo\AndroidManifest.xml:154:13-56
	android:name
		ADDED from nim_demo\demo\AndroidManifest.xml:151:13-59
activity#com.netease.nim.demo.main.activity.NoDisturbActivity
ADDED from nim_demo\demo\AndroidManifest.xml:157:9-162:75
	android:screenOrientation
		ADDED from nim_demo\demo\AndroidManifest.xml:160:13-49
	android:windowSoftInputMode
		ADDED from nim_demo\demo\AndroidManifest.xml:162:13-72
	android:configChanges
		ADDED from nim_demo\demo\AndroidManifest.xml:159:13-48
	android:theme
		ADDED from nim_demo\demo\AndroidManifest.xml:161:13-56
	android:name
		ADDED from nim_demo\demo\AndroidManifest.xml:158:13-60
activity#com.netease.nim.demo.contact.activity.AddFriendActivity
ADDED from nim_demo\demo\AndroidManifest.xml:164:9-169:75
	android:screenOrientation
		ADDED from nim_demo\demo\AndroidManifest.xml:167:13-49
	android:windowSoftInputMode
		ADDED from nim_demo\demo\AndroidManifest.xml:169:13-72
	android:configChanges
		ADDED from nim_demo\demo\AndroidManifest.xml:166:13-48
	android:theme
		ADDED from nim_demo\demo\AndroidManifest.xml:168:13-56
	android:name
		ADDED from nim_demo\demo\AndroidManifest.xml:165:13-63
activity#com.netease.nim.demo.contact.activity.UserProfileActivity
ADDED from nim_demo\demo\AndroidManifest.xml:171:9-176:75
	android:screenOrientation
		ADDED from nim_demo\demo\AndroidManifest.xml:174:13-49
	android:windowSoftInputMode
		ADDED from nim_demo\demo\AndroidManifest.xml:176:13-72
	android:configChanges
		ADDED from nim_demo\demo\AndroidManifest.xml:173:13-48
	android:theme
		ADDED from nim_demo\demo\AndroidManifest.xml:175:13-56
	android:name
		ADDED from nim_demo\demo\AndroidManifest.xml:172:13-65
activity#com.netease.nim.demo.contact.activity.UserProfileSettingActivity
ADDED from nim_demo\demo\AndroidManifest.xml:178:9-183:75
	android:screenOrientation
		ADDED from nim_demo\demo\AndroidManifest.xml:181:13-49
	android:windowSoftInputMode
		ADDED from nim_demo\demo\AndroidManifest.xml:183:13-72
	android:configChanges
		ADDED from nim_demo\demo\AndroidManifest.xml:180:13-48
	android:theme
		ADDED from nim_demo\demo\AndroidManifest.xml:182:13-56
	android:name
		ADDED from nim_demo\demo\AndroidManifest.xml:179:13-72
activity#com.netease.nim.demo.contact.activity.UserProfileEditItemActivity
ADDED from nim_demo\demo\AndroidManifest.xml:185:9-190:75
	android:screenOrientation
		ADDED from nim_demo\demo\AndroidManifest.xml:188:13-49
	android:windowSoftInputMode
		ADDED from nim_demo\demo\AndroidManifest.xml:190:13-72
	android:configChanges
		ADDED from nim_demo\demo\AndroidManifest.xml:187:13-48
	android:theme
		ADDED from nim_demo\demo\AndroidManifest.xml:189:13-56
	android:name
		ADDED from nim_demo\demo\AndroidManifest.xml:186:13-73
activity#com.netease.nim.demo.contact.activity.BlackListActivity
ADDED from nim_demo\demo\AndroidManifest.xml:192:9-197:75
	android:screenOrientation
		ADDED from nim_demo\demo\AndroidManifest.xml:195:13-49
	android:windowSoftInputMode
		ADDED from nim_demo\demo\AndroidManifest.xml:197:13-72
	android:configChanges
		ADDED from nim_demo\demo\AndroidManifest.xml:194:13-48
	android:theme
		ADDED from nim_demo\demo\AndroidManifest.xml:196:13-56
	android:name
		ADDED from nim_demo\demo\AndroidManifest.xml:193:13-63
activity#com.netease.nim.demo.file.browser.FileBrowserActivity
ADDED from nim_demo\demo\AndroidManifest.xml:200:9-206:75
	android:screenOrientation
		ADDED from nim_demo\demo\AndroidManifest.xml:204:13-49
	android:label
		ADDED from nim_demo\demo\AndroidManifest.xml:203:13-49
	android:windowSoftInputMode
		ADDED from nim_demo\demo\AndroidManifest.xml:206:13-72
	android:configChanges
		ADDED from nim_demo\demo\AndroidManifest.xml:202:13-48
	android:theme
		ADDED from nim_demo\demo\AndroidManifest.xml:205:13-56
	android:name
		ADDED from nim_demo\demo\AndroidManifest.xml:201:13-61
activity#com.netease.nim.demo.main.activity.SystemMessageActivity
ADDED from nim_demo\demo\AndroidManifest.xml:208:9-213:70
	android:screenOrientation
		ADDED from nim_demo\demo\AndroidManifest.xml:211:13-49
	android:windowSoftInputMode
		ADDED from nim_demo\demo\AndroidManifest.xml:213:13-67
	android:configChanges
		ADDED from nim_demo\demo\AndroidManifest.xml:210:13-63
	android:theme
		ADDED from nim_demo\demo\AndroidManifest.xml:212:13-56
	android:name
		ADDED from nim_demo\demo\AndroidManifest.xml:209:13-64
activity#com.netease.nim.demo.main.activity.CustomNotificationActivity
ADDED from nim_demo\demo\AndroidManifest.xml:214:9-219:70
	android:screenOrientation
		ADDED from nim_demo\demo\AndroidManifest.xml:217:13-49
	android:windowSoftInputMode
		ADDED from nim_demo\demo\AndroidManifest.xml:219:13-67
	android:configChanges
		ADDED from nim_demo\demo\AndroidManifest.xml:216:13-63
	android:theme
		ADDED from nim_demo\demo\AndroidManifest.xml:218:13-56
	android:name
		ADDED from nim_demo\demo\AndroidManifest.xml:215:13-69
activity#com.netease.nim.demo.session.activity.MessageHistoryActivity
ADDED from nim_demo\demo\AndroidManifest.xml:220:9-225:70
	android:screenOrientation
		ADDED from nim_demo\demo\AndroidManifest.xml:223:13-49
	android:windowSoftInputMode
		ADDED from nim_demo\demo\AndroidManifest.xml:225:13-67
	android:configChanges
		ADDED from nim_demo\demo\AndroidManifest.xml:222:13-63
	android:theme
		ADDED from nim_demo\demo\AndroidManifest.xml:224:13-56
	android:name
		ADDED from nim_demo\demo\AndroidManifest.xml:221:13-68
activity#com.netease.nim.demo.session.activity.MessageInfoActivity
ADDED from nim_demo\demo\AndroidManifest.xml:226:9-231:70
	android:screenOrientation
		ADDED from nim_demo\demo\AndroidManifest.xml:229:13-49
	android:windowSoftInputMode
		ADDED from nim_demo\demo\AndroidManifest.xml:231:13-67
	android:configChanges
		ADDED from nim_demo\demo\AndroidManifest.xml:228:13-63
	android:theme
		ADDED from nim_demo\demo\AndroidManifest.xml:230:13-56
	android:name
		ADDED from nim_demo\demo\AndroidManifest.xml:227:13-65
activity#com.netease.nim.demo.team.activity.AdvancedTeamSearchActivity
ADDED from nim_demo\demo\AndroidManifest.xml:233:9-238:70
	android:screenOrientation
		ADDED from nim_demo\demo\AndroidManifest.xml:236:13-49
	android:windowSoftInputMode
		ADDED from nim_demo\demo\AndroidManifest.xml:238:13-67
	android:configChanges
		ADDED from nim_demo\demo\AndroidManifest.xml:235:13-63
	android:theme
		ADDED from nim_demo\demo\AndroidManifest.xml:237:13-56
	android:name
		ADDED from nim_demo\demo\AndroidManifest.xml:234:13-69
activity#com.netease.nim.demo.team.activity.AdvancedTeamJoinActivity
ADDED from nim_demo\demo\AndroidManifest.xml:240:9-245:70
	android:screenOrientation
		ADDED from nim_demo\demo\AndroidManifest.xml:243:13-49
	android:windowSoftInputMode
		ADDED from nim_demo\demo\AndroidManifest.xml:245:13-67
	android:configChanges
		ADDED from nim_demo\demo\AndroidManifest.xml:242:13-63
	android:theme
		ADDED from nim_demo\demo\AndroidManifest.xml:244:13-56
	android:name
		ADDED from nim_demo\demo\AndroidManifest.xml:241:13-67
activity#com.netease.nim.demo.main.activity.TeamListActivity
ADDED from nim_demo\demo\AndroidManifest.xml:247:9-252:67
	android:screenOrientation
		ADDED from nim_demo\demo\AndroidManifest.xml:250:13-49
	android:windowSoftInputMode
		ADDED from nim_demo\demo\AndroidManifest.xml:252:13-64
	android:configChanges
		ADDED from nim_demo\demo\AndroidManifest.xml:249:13-63
	android:theme
		ADDED from nim_demo\demo\AndroidManifest.xml:251:13-56
	android:name
		ADDED from nim_demo\demo\AndroidManifest.xml:248:13-59
activity#com.netease.nim.demo.main.activity.GlobalSearchActivity
ADDED from nim_demo\demo\AndroidManifest.xml:255:9-260:61
	android:screenOrientation
		ADDED from nim_demo\demo\AndroidManifest.xml:258:13-49
	android:windowSoftInputMode
		ADDED from nim_demo\demo\AndroidManifest.xml:260:13-59
	android:configChanges
		ADDED from nim_demo\demo\AndroidManifest.xml:257:13-63
	android:theme
		ADDED from nim_demo\demo\AndroidManifest.xml:259:13-52
	android:name
		ADDED from nim_demo\demo\AndroidManifest.xml:256:13-63
activity#com.netease.nim.demo.main.activity.GlobalSearchDetailActivity
ADDED from nim_demo\demo\AndroidManifest.xml:262:9-266:58
	android:screenOrientation
		ADDED from nim_demo\demo\AndroidManifest.xml:265:13-49
	android:configChanges
		ADDED from nim_demo\demo\AndroidManifest.xml:264:13-63
	android:theme
		ADDED from nim_demo\demo\AndroidManifest.xml:266:13-56
	android:name
		ADDED from nim_demo\demo\AndroidManifest.xml:263:13-69
activity#com.netease.nim.demo.main.activity.GlobalSearchDetailActivity2
ADDED from nim_demo\demo\AndroidManifest.xml:268:9-272:58
	android:screenOrientation
		ADDED from nim_demo\demo\AndroidManifest.xml:271:13-49
	android:configChanges
		ADDED from nim_demo\demo\AndroidManifest.xml:270:13-63
	android:theme
		ADDED from nim_demo\demo\AndroidManifest.xml:272:13-56
	android:name
		ADDED from nim_demo\demo\AndroidManifest.xml:269:13-70
activity#com.netease.nim.demo.session.activity.WatchSnapChatPictureActivity
ADDED from nim_demo\demo\AndroidManifest.xml:275:9-278:59
	android:configChanges
		ADDED from nim_demo\demo\AndroidManifest.xml:277:13-51
	android:theme
		ADDED from nim_demo\demo\AndroidManifest.xml:278:13-56
	android:name
		ADDED from nim_demo\demo\AndroidManifest.xml:276:13-74
activity#com.netease.nim.demo.session.activity.FileDownloadActivity
ADDED from nim_demo\demo\AndroidManifest.xml:281:9-284:59
	android:configChanges
		ADDED from nim_demo\demo\AndroidManifest.xml:283:13-51
	android:theme
		ADDED from nim_demo\demo\AndroidManifest.xml:284:13-56
	android:name
		ADDED from nim_demo\demo\AndroidManifest.xml:282:13-66
activity#com.netease.nim.demo.location.activity.LocationAmapActivity
ADDED from nim_demo\demo\AndroidManifest.xml:287:9-292:59
	android:screenOrientation
		ADDED from nim_demo\demo\AndroidManifest.xml:291:13-49
	android:label
		ADDED from nim_demo\demo\AndroidManifest.xml:290:13-49
	android:configChanges
		ADDED from nim_demo\demo\AndroidManifest.xml:289:13-63
	android:theme
		ADDED from nim_demo\demo\AndroidManifest.xml:292:13-56
	android:name
		ADDED from nim_demo\demo\AndroidManifest.xml:288:13-67
activity#com.netease.nim.demo.location.activity.NavigationAmapActivity
ADDED from nim_demo\demo\AndroidManifest.xml:293:9-298:59
	android:screenOrientation
		ADDED from nim_demo\demo\AndroidManifest.xml:297:13-49
	android:label
		ADDED from nim_demo\demo\AndroidManifest.xml:296:13-54
	android:configChanges
		ADDED from nim_demo\demo\AndroidManifest.xml:295:13-63
	android:theme
		ADDED from nim_demo\demo\AndroidManifest.xml:298:13-56
	android:name
		ADDED from nim_demo\demo\AndroidManifest.xml:294:13-69
activity#com.netease.nim.demo.avchat.activity.AVChatActivity
ADDED from nim_demo\demo\AndroidManifest.xml:301:9-306:63
	android:screenOrientation
		ADDED from nim_demo\demo\AndroidManifest.xml:304:13-49
	android:launchMode
		ADDED from nim_demo\demo\AndroidManifest.xml:303:13-48
	android:windowSoftInputMode
		ADDED from nim_demo\demo\AndroidManifest.xml:306:13-60
	android:theme
		ADDED from nim_demo\demo\AndroidManifest.xml:305:13-51
	android:name
		ADDED from nim_demo\demo\AndroidManifest.xml:302:13-59
activity#com.netease.nim.demo.teamavchat.activity.TeamAVChatActivity
ADDED from nim_demo\demo\AndroidManifest.xml:308:9-313:63
	android:screenOrientation
		ADDED from nim_demo\demo\AndroidManifest.xml:311:13-49
	android:launchMode
		ADDED from nim_demo\demo\AndroidManifest.xml:310:13-48
	android:windowSoftInputMode
		ADDED from nim_demo\demo\AndroidManifest.xml:313:13-60
	android:theme
		ADDED from nim_demo\demo\AndroidManifest.xml:312:13-51
	android:name
		ADDED from nim_demo\demo\AndroidManifest.xml:309:13-67
activity#com.netease.nim.demo.rts.activity.RTSActivity
ADDED from nim_demo\demo\AndroidManifest.xml:316:9-321:63
	android:screenOrientation
		ADDED from nim_demo\demo\AndroidManifest.xml:319:13-49
	android:launchMode
		ADDED from nim_demo\demo\AndroidManifest.xml:318:13-48
	android:windowSoftInputMode
		ADDED from nim_demo\demo\AndroidManifest.xml:321:13-60
	android:theme
		ADDED from nim_demo\demo\AndroidManifest.xml:320:13-56
	android:name
		ADDED from nim_demo\demo\AndroidManifest.xml:317:13-53
activity#com.netease.nim.demo.session.search.SearchMessageActivity
ADDED from nim_demo\demo\AndroidManifest.xml:324:9-329:72
	android:screenOrientation
		ADDED from nim_demo\demo\AndroidManifest.xml:327:13-49
	android:windowSoftInputMode
		ADDED from nim_demo\demo\AndroidManifest.xml:329:13-69
	android:configChanges
		ADDED from nim_demo\demo\AndroidManifest.xml:326:13-63
	android:theme
		ADDED from nim_demo\demo\AndroidManifest.xml:328:13-52
	android:name
		ADDED from nim_demo\demo\AndroidManifest.xml:325:13-65
activity#com.netease.nim.demo.session.search.DisplayMessageActivity
ADDED from nim_demo\demo\AndroidManifest.xml:331:9-336:70
	android:screenOrientation
		ADDED from nim_demo\demo\AndroidManifest.xml:334:13-49
	android:windowSoftInputMode
		ADDED from nim_demo\demo\AndroidManifest.xml:336:13-67
	android:configChanges
		ADDED from nim_demo\demo\AndroidManifest.xml:333:13-63
	android:theme
		ADDED from nim_demo\demo\AndroidManifest.xml:335:13-56
	android:name
		ADDED from nim_demo\demo\AndroidManifest.xml:332:13-66
activity#com.netease.nim.demo.chatroom.activity.ChatRoomActivity
ADDED from nim_demo\demo\AndroidManifest.xml:339:9-343:70
	android:screenOrientation
		ADDED from nim_demo\demo\AndroidManifest.xml:341:13-49
	android:windowSoftInputMode
		ADDED from nim_demo\demo\AndroidManifest.xml:343:13-67
	android:theme
		ADDED from nim_demo\demo\AndroidManifest.xml:342:13-56
	android:name
		ADDED from nim_demo\demo\AndroidManifest.xml:340:13-63
activity#com.netease.nim.demo.jsbridge.JsBridgeActivity
ADDED from nim_demo\demo\AndroidManifest.xml:345:9-350:75
	android:screenOrientation
		ADDED from nim_demo\demo\AndroidManifest.xml:348:13-49
	android:label
		ADDED from nim_demo\demo\AndroidManifest.xml:347:13-46
	android:windowSoftInputMode
		ADDED from nim_demo\demo\AndroidManifest.xml:350:13-72
	android:theme
		ADDED from nim_demo\demo\AndroidManifest.xml:349:13-56
	android:name
		ADDED from nim_demo\demo\AndroidManifest.xml:346:13-54
activity#com.netease.nim.demo.main.activity.RobotListActivity
ADDED from nim_demo\demo\AndroidManifest.xml:353:9-356:59
	android:screenOrientation
		ADDED from nim_demo\demo\AndroidManifest.xml:355:13-49
	android:theme
		ADDED from nim_demo\demo\AndroidManifest.xml:356:13-56
	android:name
		ADDED from nim_demo\demo\AndroidManifest.xml:354:13-60
activity#com.netease.nim.demo.contact.activity.RobotProfileActivity
ADDED from nim_demo\demo\AndroidManifest.xml:358:9-361:59
	android:screenOrientation
		ADDED from nim_demo\demo\AndroidManifest.xml:360:13-49
	android:theme
		ADDED from nim_demo\demo\AndroidManifest.xml:361:13-56
	android:name
		ADDED from nim_demo\demo\AndroidManifest.xml:359:13-66
activity#com.netease.nim.demo.avchat.activity.AVChatSettingsActivity
ADDED from nim_demo\demo\AndroidManifest.xml:364:9-366:52
	android:screenOrientation
		ADDED from nim_demo\demo\AndroidManifest.xml:366:13-49
	android:name
		ADDED from nim_demo\demo\AndroidManifest.xml:365:13-67
service#com.netease.nimlib.service.NimService
ADDED from nim_demo\demo\AndroidManifest.xml:369:9-371:39
	android:process
		ADDED from nim_demo\demo\AndroidManifest.xml:371:13-36
	android:name
		ADDED from nim_demo\demo\AndroidManifest.xml:370:13-65
service#com.netease.nimlib.service.NimService$Aux
ADDED from nim_demo\demo\AndroidManifest.xml:374:9-376:39
	android:process
		ADDED from nim_demo\demo\AndroidManifest.xml:376:13-36
	android:name
		ADDED from nim_demo\demo\AndroidManifest.xml:375:13-69
service#com.netease.nimlib.job.NIMJobService
ADDED from nim_demo\demo\AndroidManifest.xml:379:9-383:39
	android:process
		ADDED from nim_demo\demo\AndroidManifest.xml:383:13-36
	android:exported
		ADDED from nim_demo\demo\AndroidManifest.xml:381:13-36
	android:permission
		ADDED from nim_demo\demo\AndroidManifest.xml:382:13-69
	android:name
		ADDED from nim_demo\demo\AndroidManifest.xml:380:13-64
receiver#com.netease.nimlib.service.NimReceiver
ADDED from nim_demo\demo\AndroidManifest.xml:386:9-394:20
	android:process
		ADDED from nim_demo\demo\AndroidManifest.xml:389:13-36
	android:exported
		ADDED from nim_demo\demo\AndroidManifest.xml:388:13-37
	android:name